<?xml version="1.0" encoding="UTF-8"?>
<coverage generated="1770232139">
  <project timestamp="1770232139" name="Clover Coverage">
    <package name="Matecat\ICU">
      <file name="/home/hashashiyyin/PhpstormProjects/matecat-icu-message-pattern/src/ArgType.php">
        <class name="Matecat\ICU\ArgType" namespace="Matecat\ICU">
          <metrics complexity="3" methods="1" coveredmethods="1" conditionals="6" coveredconditionals="6" statements="5" coveredstatements="5" elements="12" coveredelements="12"/>
        </class>
        <line num="66" type="method" name="hasPluralStyle" visibility="public" complexity="3" crap="3" count="75"/>
        <line num="68" type="stmt" count="75"/>
        <line num="69" type="stmt" count="75"/>
        <line num="70" type="stmt" count="75"/>
        <line num="71" type="stmt" count="75"/>
        <line num="72" type="stmt" count="75"/>
        <metrics loc="75" ncloc="24" classes="1" methods="1" coveredmethods="1" conditionals="6" coveredconditionals="6" statements="5" coveredstatements="5" elements="12" coveredelements="12"/>
      </file>
      <file name="/home/hashashiyyin/PhpstormProjects/matecat-icu-message-pattern/src/MessagePattern.php">
        <class name="Matecat\ICU\MessagePattern" namespace="Matecat\ICU">
          <metrics complexity="221" methods="58" coveredmethods="52" conditionals="393" coveredconditionals="387" statements="448" coveredstatements="448" elements="899" coveredelements="887"/>
        </class>
        <line num="151" type="method" name="__construct" visibility="public" complexity="2" crap="2" count="82"/>
        <line num="153" type="stmt" count="82"/>
        <line num="154" type="stmt" count="82"/>
        <line num="155" type="stmt" count="4"/>
        <line num="168" type="method" name="parse" visibility="public" complexity="1" crap="1" count="53"/>
        <line num="170" type="stmt" count="53"/>
        <line num="171" type="stmt" count="53"/>
        <line num="172" type="stmt" count="32"/>
        <line num="173" type="stmt" count="32"/>
        <line num="184" type="method" name="parseChoiceStyle" visibility="public" complexity="1" crap="1" count="12"/>
        <line num="186" type="stmt" count="12"/>
        <line num="187" type="stmt" count="12"/>
        <line num="188" type="stmt" count="6"/>
        <line num="189" type="stmt" count="6"/>
        <line num="200" type="method" name="parsePluralStyle" visibility="public" complexity="1" crap="1" count="14"/>
        <line num="202" type="stmt" count="14"/>
        <line num="203" type="stmt" count="14"/>
        <line num="204" type="stmt" count="6"/>
        <line num="205" type="stmt" count="6"/>
        <line num="216" type="method" name="parseSelectStyle" visibility="public" complexity="1" crap="1" count="2"/>
        <line num="218" type="stmt" count="2"/>
        <line num="219" type="stmt" count="2"/>
        <line num="220" type="stmt" count="1"/>
        <line num="221" type="stmt" count="1"/>
        <line num="228" type="method" name="clear" visibility="public" complexity="1" crap="1" count="2"/>
        <line num="230" type="stmt" count="2"/>
        <line num="231" type="stmt" count="2"/>
        <line num="232" type="stmt" count="2"/>
        <line num="233" type="stmt" count="2"/>
        <line num="234" type="stmt" count="2"/>
        <line num="235" type="stmt" count="2"/>
        <line num="236" type="stmt" count="2"/>
        <line num="237" type="stmt" count="2"/>
        <line num="238" type="stmt" count="2"/>
        <line num="246" type="method" name="clearPatternAndSetApostropheMode" visibility="public" complexity="1" crap="1" count="1"/>
        <line num="248" type="stmt" count="1"/>
        <line num="249" type="stmt" count="1"/>
        <line num="255" type="method" name="getApostropheMode" visibility="public" complexity="1" crap="1" count="2"/>
        <line num="257" type="stmt" count="2"/>
        <line num="263" type="method" name="getPatternString" visibility="public" complexity="1" crap="1" count="1"/>
        <line num="265" type="stmt" count="1"/>
        <line num="272" type="method" name="hasNamedArguments" visibility="public" complexity="1" crap="1" count="2"/>
        <line num="274" type="stmt" count="2"/>
        <line num="281" type="method" name="hasNumberedArguments" visibility="public" complexity="1" crap="1" count="2"/>
        <line num="283" type="stmt" count="2"/>
        <line num="291" type="method" name="countParts" visibility="public" complexity="1" crap="1" count="32"/>
        <line num="293" type="stmt" count="32"/>
        <line num="302" type="method" name="getPart" visibility="public" complexity="2" crap="2" count="34"/>
        <line num="304" type="stmt" count="34"/>
        <line num="305" type="stmt" count="1"/>
        <line num="307" type="stmt" count="33"/>
        <line num="317" type="method" name="getPartType" visibility="public" complexity="1" crap="1" count="8"/>
        <line num="319" type="stmt" count="8"/>
        <line num="329" type="method" name="getPatternIndex" visibility="public" complexity="1" crap="1" count="1"/>
        <line num="331" type="stmt" count="1"/>
        <line num="340" type="method" name="getSubstring" visibility="public" complexity="1" crap="1" count="6"/>
        <line num="342" type="stmt" count="6"/>
        <line num="351" type="method" name="partSubstringMatches" visibility="public" complexity="2" crap="2" count="2"/>
        <line num="353" type="stmt" count="2"/>
        <line num="354" type="stmt" count="2"/>
        <line num="362" type="method" name="getNumericValue" visibility="public" complexity="3" crap="3" count="13"/>
        <line num="364" type="stmt" count="13"/>
        <line num="365" type="stmt" count="13"/>
        <line num="366" type="stmt" count="8"/>
        <line num="368" type="stmt" count="7"/>
        <line num="369" type="stmt" count="6"/>
        <line num="371" type="stmt" count="1"/>
        <line num="380" type="method" name="getPluralOffset" visibility="public" complexity="2" crap="2" count="3"/>
        <line num="382" type="stmt" count="3"/>
        <line num="383" type="stmt" count="3"/>
        <line num="384" type="stmt" count="2"/>
        <line num="386" type="stmt" count="1"/>
        <line num="396" type="method" name="getLimitPartIndex" visibility="public" complexity="1" crap="1" count="1"/>
        <line num="398" type="stmt" count="1"/>
        <line num="410" type="method" name="autoQuoteApostropheDeep" visibility="public" complexity="4" crap="12.19" count="8"/>
        <line num="413" type="stmt" count="8"/>
        <line num="414" type="stmt" count="1"/>
        <line num="418" type="stmt" count="7"/>
        <line num="421" type="stmt" count="7"/>
        <line num="422" type="stmt" count="7"/>
        <line num="423" type="stmt" count="7"/>
        <line num="424" type="stmt" count="7"/>
        <line num="427" type="stmt" count="7"/>
        <line num="432" type="stmt" count="7"/>
        <line num="445" type="method" name="validateArgumentName" visibility="public" complexity="2" crap="2" count="4"/>
        <line num="447" type="stmt" count="4"/>
        <line num="448" type="stmt" count="2"/>
        <line num="450" type="stmt" count="3"/>
        <line num="463" type="method" name="appendReducedApostrophes" visibility="public" complexity="5" crap="20.74" count="1"/>
        <line num="466" type="stmt" count="1"/>
        <line num="467" type="stmt" count="1"/>
        <line num="469" type="stmt" count="1"/>
        <line num="470" type="stmt" count="1"/>
        <line num="472" type="stmt" count="1"/>
        <line num="473" type="stmt" count="1"/>
        <line num="475" type="stmt" count="1"/>
        <line num="477" type="stmt" count="1"/>
        <line num="478" type="stmt" count="1"/>
        <line num="479" type="stmt" count="1"/>
        <line num="482" type="stmt" count="1"/>
        <line num="483" type="stmt" count="1"/>
        <line num="492" type="method" name="preParse" visibility="private" complexity="2" crap="2" count="81"/>
        <line num="494" type="stmt" count="81"/>
        <line num="495" type="stmt" count="81"/>
        <line num="496" type="stmt" count="81"/>
        <line num="497" type="stmt" count="81"/>
        <line num="498" type="stmt" count="81"/>
        <line num="499" type="stmt" count="81"/>
        <line num="500" type="stmt" count="81"/>
        <line num="501" type="stmt" count="81"/>
        <line num="502" type="stmt" count="81"/>
        <line num="508" type="method" name="postParse" visibility="private" complexity="1" crap="1" count="45"/>
        <line num="511" type="stmt" count="45"/>
        <line num="525" type="method" name="parseMessage" visibility="private" complexity="29" crap="859.36" count="69"/>
        <line num="528" type="stmt" count="69"/>
        <line num="529" type="stmt" count="1"/>
        <line num="533" type="stmt" count="69"/>
        <line num="534" type="stmt" count="69"/>
        <line num="535" type="stmt" count="69"/>
        <line num="537" type="stmt" count="69"/>
        <line num="538" type="stmt" count="69"/>
        <line num="539" type="stmt" count="69"/>
        <line num="540" type="stmt" count="69"/>
        <line num="542" type="stmt" count="10"/>
        <line num="543" type="stmt" count="2"/>
        <line num="544" type="stmt" count="2"/>
        <line num="546" type="stmt" count="9"/>
        <line num="547" type="stmt" count="9"/>
        <line num="549" type="stmt" count="2"/>
        <line num="551" type="stmt" count="9"/>
        <line num="552" type="stmt" count="8"/>
        <line num="553" type="stmt" count="6"/>
        <line num="554" type="stmt" count="9"/>
        <line num="557" type="stmt" count="7"/>
        <line num="558" type="stmt" count="7"/>
        <line num="559" type="stmt" count="7"/>
        <line num="560" type="stmt" count="7"/>
        <line num="561" type="stmt" count="4"/>
        <line num="564" type="stmt" count="1"/>
        <line num="567" type="stmt" count="4"/>
        <line num="568" type="stmt" count="4"/>
        <line num="572" type="stmt" count="3"/>
        <line num="575" type="stmt" count="3"/>
        <line num="576" type="stmt" count="3"/>
        <line num="577" type="stmt" count="3"/>
        <line num="582" type="stmt" count="5"/>
        <line num="583" type="stmt" count="5"/>
        <line num="586" type="stmt" count="69"/>
        <line num="588" type="stmt" count="13"/>
        <line num="589" type="stmt" count="69"/>
        <line num="591" type="stmt" count="46"/>
        <line num="592" type="stmt" count="52"/>
        <line num="594" type="stmt" count="27"/>
        <line num="595" type="stmt" count="27"/>
        <line num="596" type="stmt" count="27"/>
        <line num="597" type="stmt" count="9"/>
        <line num="599" type="stmt" count="19"/>
        <line num="604" type="stmt" count="41"/>
        <line num="605" type="stmt" count="3"/>
        <line num="609" type="stmt" count="38"/>
        <line num="610" type="stmt" count="38"/>
        <line num="627" type="method" name="parseArg" visibility="private" complexity="28" crap="803.58" count="46"/>
        <line num="630" type="stmt" count="46"/>
        <line num="631" type="stmt" count="46"/>
        <line num="632" type="stmt" count="46"/>
        <line num="635" type="stmt" count="46"/>
        <line num="636" type="stmt" count="46"/>
        <line num="637" type="stmt" count="1"/>
        <line num="641" type="stmt" count="45"/>
        <line num="642" type="stmt" count="45"/>
        <line num="643" type="stmt" count="45"/>
        <line num="646" type="stmt" count="45"/>
        <line num="647" type="stmt" count="9"/>
        <line num="648" type="stmt" count="9"/>
        <line num="649" type="stmt" count="37"/>
        <line num="650" type="stmt" count="35"/>
        <line num="651" type="stmt" count="1"/>
        <line num="653" type="stmt" count="34"/>
        <line num="654" type="stmt" count="34"/>
        <line num="655" type="stmt" count="2"/>
        <line num="656" type="stmt" count="1"/>
        <line num="658" type="stmt" count="1"/>
        <line num="662" type="stmt" count="42"/>
        <line num="663" type="stmt" count="42"/>
        <line num="664" type="stmt" count="1"/>
        <line num="667" type="stmt" count="41"/>
        <line num="668" type="stmt" count="41"/>
        <line num="670" type="stmt" count="29"/>
        <line num="671" type="stmt" count="2"/>
        <line num="675" type="stmt" count="27"/>
        <line num="676" type="stmt" count="27"/>
        <line num="677" type="stmt" count="27"/>
        <line num="679" type="stmt" count="27"/>
        <line num="682" type="stmt" count="27"/>
        <line num="683" type="stmt" count="27"/>
        <line num="684" type="stmt" count="1"/>
        <line num="686" type="stmt" count="26"/>
        <line num="687" type="stmt" count="26"/>
        <line num="688" type="stmt" count="1"/>
        <line num="690" type="stmt" count="25"/>
        <line num="691" type="stmt" count="1"/>
        <line num="695" type="stmt" count="24"/>
        <line num="696" type="stmt" count="24"/>
        <line num="697" type="stmt" count="22"/>
        <line num="698" type="stmt" count="3"/>
        <line num="699" type="stmt" count="20"/>
        <line num="700" type="stmt" count="11"/>
        <line num="701" type="stmt" count="11"/>
        <line num="702" type="stmt" count="6"/>
        <line num="704" type="stmt" count="2"/>
        <line num="705" type="stmt" count="1"/>
        <line num="706" type="stmt" count="1"/>
        <line num="711" type="stmt" count="24"/>
        <line num="712" type="stmt" count="24"/>
        <line num="713" type="stmt" count="7"/>
        <line num="717" type="stmt" count="24"/>
        <line num="718" type="stmt" count="1"/>
        <line num="719" type="stmt" count="1"/>
        <line num="720" type="stmt" count="1"/>
        <line num="721" type="stmt" count="1"/>
        <line num="725" type="stmt" count="23"/>
        <line num="726" type="stmt" count="23"/>
        <line num="727" type="stmt" count="7"/>
        <line num="728" type="stmt" count="17"/>
        <line num="729" type="stmt" count="3"/>
        <line num="731" type="stmt" count="15"/>
        <line num="737" type="stmt" count="26"/>
        <line num="738" type="stmt" count="26"/>
        <line num="750" type="method" name="parseSimpleStyle" visibility="private" complexity="10" crap="87.03" count="7"/>
        <line num="753" type="stmt" count="7"/>
        <line num="755" type="stmt" count="7"/>
        <line num="757" type="stmt" count="7"/>
        <line num="758" type="stmt" count="7"/>
        <line num="760" type="stmt" count="7"/>
        <line num="761" type="stmt" count="7"/>
        <line num="763" type="stmt" count="2"/>
        <line num="764" type="stmt" count="2"/>
        <line num="765" type="stmt" count="2"/>
        <line num="766" type="stmt" count="1"/>
        <line num="767" type="stmt" count="1"/>
        <line num="768" type="stmt" count="1"/>
        <line num="772" type="stmt" count="2"/>
        <line num="774" type="stmt" count="1"/>
        <line num="775" type="stmt" count="1"/>
        <line num="776" type="stmt" count="1"/>
        <line num="778" type="stmt" count="7"/>
        <line num="780" type="stmt" count="1"/>
        <line num="781" type="stmt" count="7"/>
        <line num="782" type="stmt" count="5"/>
        <line num="784" type="stmt" count="1"/>
        <line num="787" type="stmt" count="5"/>
        <line num="788" type="stmt" count="5"/>
        <line num="790" type="stmt" count="1"/>
        <line num="793" type="stmt" count="4"/>
        <line num="794" type="stmt" count="4"/>
        <line num="799" type="stmt" count="1"/>
        <line num="812" type="method" name="parseChoiceStyleInternal" visibility="private" complexity="13" crap="107.90" count="15"/>
        <line num="814" type="stmt" count="15"/>
        <line num="815" type="stmt" count="15"/>
        <line num="816" type="stmt" count="15"/>
        <line num="819" type="stmt" count="15"/>
        <line num="820" type="stmt" count="1"/>
        <line num="823" type="stmt" count="14"/>
        <line num="825" type="stmt" count="14"/>
        <line num="826" type="stmt" count="14"/>
        <line num="827" type="stmt" count="14"/>
        <line num="830" type="stmt" count="14"/>
        <line num="831" type="stmt" count="1"/>
        <line num="833" type="stmt" count="13"/>
        <line num="834" type="stmt" count="1"/>
        <line num="838" type="stmt" count="12"/>
        <line num="841" type="stmt" count="11"/>
        <line num="842" type="stmt" count="11"/>
        <line num="851" type="stmt" count="11"/>
        <line num="852" type="stmt" count="11"/>
        <line num="853" type="stmt" count="1"/>
        <line num="854" type="stmt" count="1"/>
        <line num="855" type="stmt" count="1"/>
        <line num="859" type="stmt" count="10"/>
        <line num="860" type="stmt" count="10"/>
        <line num="863" type="stmt" count="10"/>
        <line num="864" type="stmt" count="6"/>
        <line num="868" type="stmt" count="9"/>
        <line num="869" type="stmt" count="4"/>
        <line num="870" type="stmt" count="1"/>
        <line num="872" type="stmt" count="3"/>
        <line num="876" type="stmt" count="7"/>
        <line num="892" type="method" name="parsePluralOrSelectStyle" visibility="private" complexity="22" crap="480.70" count="31"/>
        <line num="894" type="stmt" count="31"/>
        <line num="895" type="stmt" count="31"/>
        <line num="896" type="stmt" count="31"/>
        <line num="897" type="stmt" count="31"/>
        <line num="899" type="stmt" count="31"/>
        <line num="900" type="stmt" count="31"/>
        <line num="901" type="stmt" count="31"/>
        <line num="904" type="stmt" count="31"/>
        <line num="906" type="stmt" count="18"/>
        <line num="907" type="stmt" count="1"/>
        <line num="908" type="stmt" count="1"/>
        <line num="909" type="stmt" count="1"/>
        <line num="912" type="stmt" count="17"/>
        <line num="913" type="stmt" count="1"/>
        <line num="914" type="stmt" count="1"/>
        <line num="915" type="stmt" count="1"/>
        <line num="917" type="stmt" count="16"/>
        <line num="920" type="stmt" count="30"/>
        <line num="923" type="stmt" count="30"/>
        <line num="924" type="stmt" count="9"/>
        <line num="925" type="stmt" count="9"/>
        <line num="926" type="stmt" count="9"/>
        <line num="927" type="stmt" count="1"/>
        <line num="928" type="stmt" count="1"/>
        <line num="929" type="stmt" count="1"/>
        <line num="931" type="stmt" count="8"/>
        <line num="932" type="stmt" count="1"/>
        <line num="934" type="stmt" count="7"/>
        <line num="935" type="stmt" count="7"/>
        <line num="938" type="stmt" count="26"/>
        <line num="939" type="stmt" count="26"/>
        <line num="941" type="stmt" count="26"/>
        <line num="942" type="stmt" count="1"/>
        <line num="943" type="stmt" count="1"/>
        <line num="944" type="stmt" count="1"/>
        <line num="949" type="stmt" count="25"/>
        <line num="950" type="stmt" count="25"/>
        <line num="951" type="stmt" count="25"/>
        <line num="952" type="stmt" count="25"/>
        <line num="953" type="stmt" count="25"/>
        <line num="954" type="stmt" count="25"/>
        <line num="955" type="stmt" count="25"/>
        <line num="957" type="stmt" count="5"/>
        <line num="958" type="stmt" count="1"/>
        <line num="959" type="stmt" count="1"/>
        <line num="960" type="stmt" count="1"/>
        <line num="961" type="stmt" count="1"/>
        <line num="962" type="stmt" count="1"/>
        <line num="964" type="stmt" count="4"/>
        <line num="965" type="stmt" count="4"/>
        <line num="966" type="stmt" count="4"/>
        <line num="967" type="stmt" count="1"/>
        <line num="968" type="stmt" count="1"/>
        <line num="969" type="stmt" count="1"/>
        <line num="971" type="stmt" count="3"/>
        <line num="972" type="stmt" count="1"/>
        <line num="974" type="stmt" count="2"/>
        <line num="975" type="stmt" count="2"/>
        <line num="976" type="stmt" count="2"/>
        <line num="979" type="stmt" count="23"/>
        <line num="980" type="stmt" count="1"/>
        <line num="982" type="stmt" count="22"/>
        <line num="985" type="stmt" count="22"/>
        <line num="986" type="stmt" count="19"/>
        <line num="991" type="stmt" count="22"/>
        <line num="992" type="stmt" count="22"/>
        <line num="993" type="stmt" count="1"/>
        <line num="994" type="stmt" count="1"/>
        <line num="995" type="stmt" count="1"/>
        <line num="996" type="stmt" count="1"/>
        <line num="997" type="stmt" count="1"/>
        <line num="1001" type="stmt" count="21"/>
        <line num="1002" type="stmt" count="19"/>
        <line num="1012" type="method" name="parseArgNumber" visibility="private" complexity="1" crap="1" count="45"/>
        <line num="1014" type="stmt" count="45"/>
        <line num="1027" type="method" name="parseArgNumberFromString" visibility="private" complexity="10" crap="47.67" count="48"/>
        <line num="1030" type="stmt" count="48"/>
        <line num="1035" type="stmt" count="48"/>
        <line num="1036" type="stmt" count="48"/>
        <line num="1038" type="stmt" count="11"/>
        <line num="1039" type="stmt" count="9"/>
        <line num="1041" type="stmt" count="3"/>
        <line num="1042" type="stmt" count="39"/>
        <line num="1044" type="stmt" count="4"/>
        <line num="1047" type="stmt" count="37"/>
        <line num="1051" type="stmt" count="4"/>
        <line num="1052" type="stmt" count="4"/>
        <line num="1053" type="stmt" count="4"/>
        <line num="1055" type="stmt" count="3"/>
        <line num="1056" type="stmt" count="1"/>
        <line num="1058" type="stmt" count="3"/>
        <line num="1060" type="stmt" count="1"/>
        <line num="1065" type="stmt" count="2"/>
        <line num="1079" type="method" name="parseDouble" visibility="private" complexity="15" crap="139.06" count="21"/>
        <line num="1082" type="stmt" count="21"/>
        <line num="1086" type="stmt" count="21"/>
        <line num="1087" type="stmt" count="21"/>
        <line num="1088" type="stmt" count="21"/>
        <line num="1091" type="stmt" count="21"/>
        <line num="1092" type="stmt" count="3"/>
        <line num="1093" type="stmt" count="3"/>
        <line num="1094" type="stmt" count="1"/>
        <line num="1096" type="stmt" count="2"/>
        <line num="1097" type="stmt" count="20"/>
        <line num="1098" type="stmt" count="2"/>
        <line num="1099" type="stmt" count="1"/>
        <line num="1101" type="stmt" count="1"/>
        <line num="1105" type="stmt" count="19"/>
        <line num="1106" type="stmt" count="3"/>
        <line num="1107" type="stmt" count="2"/>
        <line num="1108" type="stmt" count="2"/>
        <line num="1109" type="stmt" count="2"/>
        <line num="1111" type="stmt" count="1"/>
        <line num="1115" type="stmt" count="18"/>
        <line num="1116" type="stmt" count="18"/>
        <line num="1117" type="stmt" count="18"/>
        <line num="1118" type="stmt" count="18"/>
        <line num="1119" type="stmt" count="18"/>
        <line num="1120" type="stmt" count="1"/>
        <line num="1123" type="stmt" count="18"/>
        <line num="1124" type="stmt" count="15"/>
        <line num="1125" type="stmt" count="15"/>
        <line num="1127" type="stmt" count="5"/>
        <line num="1132" type="stmt" count="5"/>
        <line num="1133" type="stmt" count="5"/>
        <line num="1134" type="stmt" count="5"/>
        <line num="1142" type="method" name="skipWhiteSpace" visibility="private" complexity="3" crap="3.14" count="74"/>
        <line num="1144" type="stmt" count="74"/>
        <line num="1145" type="stmt" count="74"/>
        <line num="1146" type="stmt" count="33"/>
        <line num="1148" type="stmt" count="74"/>
        <line num="1158" type="method" name="skipIdentifier" visibility="private" complexity="2" crap="2" count="59"/>
        <line num="1162" type="stmt" count="59"/>
        <line num="1163" type="stmt" count="59"/>
        <line num="1164" type="stmt" count="59"/>
        <line num="1165" type="stmt" count="59"/>
        <line num="1166" type="stmt" count="59"/>
        <line num="1167" type="stmt" count="59"/>
        <line num="1168" type="stmt" count="59"/>
        <line num="1170" type="stmt" count="58"/>
        <line num="1172" type="stmt" count="1"/>
        <line num="1182" type="method" name="skipDouble" visibility="private" complexity="8" crap="66.95" count="27"/>
        <line num="1184" type="stmt" count="27"/>
        <line num="1185" type="stmt" count="27"/>
        <line num="1186" type="stmt" count="27"/>
        <line num="1189" type="stmt" count="27"/>
        <line num="1190" type="stmt" count="27"/>
        <line num="1192" type="stmt" count="27"/>
        <line num="1194" type="stmt" count="24"/>
        <line num="1196" type="stmt" count="27"/>
        <line num="1203" type="method" name="inMessageFormatPattern" visibility="private" complexity="3" crap="3" count="21"/>
        <line num="1205" type="stmt" count="21"/>
        <line num="1212" type="method" name="inTopLevelChoiceMessage" visibility="private" complexity="4" crap="8.74" count="9"/>
        <line num="1214" type="stmt" count="9"/>
        <line num="1215" type="stmt" count="9"/>
        <line num="1216" type="stmt" count="9"/>
        <line num="1217" type="stmt" count="9"/>
        <line num="1223" type="method" name="addPart" visibility="private" complexity="1" crap="1" count="71"/>
        <line num="1225" type="stmt" count="71"/>
        <line num="1231" type="method" name="addLimitPart" visibility="private" complexity="1" crap="1" count="50"/>
        <line num="1233" type="stmt" count="50"/>
        <line num="1234" type="stmt" count="50"/>
        <line num="1241" type="method" name="addArgDoublePart" visibility="private" complexity="2" crap="2" count="7"/>
        <line num="1243" type="stmt" count="7"/>
        <line num="1244" type="stmt" count="7"/>
        <line num="1247" type="stmt" count="7"/>
        <line num="1248" type="stmt" count="7"/>
        <line num="1254" type="method" name="isIdentifier" visibility="private" complexity="1" crap="1" count="4"/>
        <line num="1256" type="stmt" count="4"/>
        <line num="1262" type="method" name="isArgTypeChar" visibility="private" complexity="2" crap="2" count="27"/>
        <line num="1264" type="stmt" count="27"/>
        <line num="1270" type="stmt" count="27"/>
        <line num="1276" type="method" name="isChoice" visibility="private" complexity="2" crap="2" count="22"/>
        <line num="1278" type="stmt" count="22"/>
        <line num="1284" type="method" name="isPlural" visibility="private" complexity="2" crap="2" count="20"/>
        <line num="1286" type="stmt" count="20"/>
        <line num="1292" type="method" name="isSelect" visibility="private" complexity="2" crap="2" count="12"/>
        <line num="1294" type="stmt" count="12"/>
        <line num="1300" type="method" name="isOrdinal" visibility="private" complexity="2" crap="2.50" count="1"/>
        <line num="1302" type="stmt" count="1"/>
        <line num="1312" type="method" name="prefix" visibility="private" complexity="3" crap="3" count="32"/>
        <line num="1315" type="stmt" count="32"/>
        <line num="1317" type="stmt" count="32"/>
        <line num="1319" type="stmt" count="32"/>
        <line num="1322" type="stmt" count="32"/>
        <line num="1324" type="stmt" count="32"/>
        <line num="1327" type="stmt" count="32"/>
        <line num="1328" type="stmt" count="19"/>
        <line num="1332" type="stmt" count="13"/>
        <line num="1338" type="method" name="charAt" visibility="private" complexity="1" crap="1" count="80"/>
        <line num="1340" type="stmt" count="80"/>
        <line num="1349" type="method" name="indexOf" visibility="private" complexity="1" crap="1" count="7"/>
        <line num="1351" type="stmt" count="7"/>
        <line num="1363" type="method" name="startsWithAt" visibility="private" complexity="3" crap="3" count="42"/>
        <line num="1367" type="stmt" count="42"/>
        <line num="1369" type="stmt" count="42"/>
        <line num="1375" type="stmt" count="42"/>
        <line num="1376" type="stmt" count="22"/>
        <line num="1379" type="stmt" count="28"/>
        <line num="1387" type="method" name="argTypeOrdinal" visibility="private" complexity="3" crap="3" count="46"/>
        <line num="1389" type="stmt" count="46"/>
        <line num="1390" type="stmt" count="46"/>
        <line num="1391" type="stmt" count="46"/>
        <line num="1392" type="stmt" count="46"/>
        <line num="1405" type="method" name="replaceLastArgStartValue" visibility="private" complexity="2" crap="2" count="24"/>
        <line num="1407" type="stmt" count="24"/>
        <line num="1408" type="stmt" count="24"/>
        <line num="1411" type="stmt" count="24"/>
        <line num="1431" type="method" name="current" visibility="public" complexity="1" crap="1" count="12"/>
        <line num="1433" type="stmt" count="12"/>
        <line num="1441" type="method" name="key" visibility="public" complexity="1" crap="1" count="4"/>
        <line num="1443" type="stmt" count="4"/>
        <line num="1451" type="method" name="next" visibility="public" complexity="1" crap="1" count="12"/>
        <line num="1453" type="stmt" count="12"/>
        <line num="1461" type="method" name="rewind" visibility="public" complexity="1" crap="1" count="12"/>
        <line num="1463" type="stmt" count="12"/>
        <line num="1471" type="method" name="valid" visibility="public" complexity="1" crap="1" count="12"/>
        <line num="1473" type="stmt" count="12"/>
        <metrics loc="1476" ncloc="887" classes="1" methods="58" coveredmethods="52" conditionals="393" coveredconditionals="387" statements="448" coveredstatements="448" elements="899" coveredelements="887"/>
      </file>
      <file name="/home/hashashiyyin/PhpstormProjects/matecat-icu-message-pattern/src/MessagePatternAnalyzer.php">
        <class name="Matecat\ICU\MessagePatternAnalyzer" namespace="Matecat\ICU">
          <metrics complexity="5" methods="2" coveredmethods="2" conditionals="9" coveredconditionals="9" statements="8" coveredstatements="8" elements="19" coveredelements="19"/>
        </class>
        <line num="15" type="method" name="__construct" visibility="public" complexity="1" crap="1" count="1"/>
        <line num="19" type="stmt" count="1"/>
        <line num="25" type="method" name="containsComplexSyntax" visibility="public" complexity="4" crap="13.26" count="1"/>
        <line num="27" type="stmt" count="1"/>
        <line num="28" type="stmt" count="1"/>
        <line num="29" type="stmt" count="1"/>
        <line num="30" type="stmt" count="1"/>
        <line num="31" type="stmt" count="1"/>
        <line num="32" type="stmt" count="1"/>
        <line num="35" type="stmt" count="1"/>
        <metrics loc="38" ncloc="27" classes="1" methods="2" coveredmethods="2" conditionals="9" coveredconditionals="9" statements="8" coveredstatements="8" elements="19" coveredelements="19"/>
      </file>
      <file name="/home/hashashiyyin/PhpstormProjects/matecat-icu-message-pattern/src/Part.php">
        <class name="Matecat\ICU\Part" namespace="Matecat\ICU">
          <metrics complexity="13" methods="8" coveredmethods="8" conditionals="20" coveredconditionals="20" statements="18" coveredstatements="18" elements="46" coveredelements="46"/>
        </class>
        <line num="34" type="method" name="__construct" visibility="public" complexity="1" crap="1" count="71"/>
        <line num="40" type="stmt" count="71"/>
        <line num="46" type="method" name="getType" visibility="public" complexity="1" crap="1" count="47"/>
        <line num="48" type="stmt" count="47"/>
        <line num="55" type="method" name="getIndex" visibility="public" complexity="1" crap="1" count="35"/>
        <line num="57" type="stmt" count="35"/>
        <line num="64" type="method" name="getLength" visibility="public" complexity="1" crap="1" count="30"/>
        <line num="66" type="stmt" count="30"/>
        <line num="74" type="method" name="getLimit" visibility="public" complexity="1" crap="1" count="1"/>
        <line num="76" type="stmt" count="1"/>
        <line num="83" type="method" name="getValue" visibility="public" complexity="1" crap="1" count="19"/>
        <line num="85" type="stmt" count="19"/>
        <line num="92" type="method" name="getArgType" visibility="public" complexity="4" crap="4.59" count="10"/>
        <line num="94" type="stmt" count="10"/>
        <line num="95" type="stmt" count="1"/>
        <line num="97" type="stmt" count="10"/>
        <line num="98" type="stmt" count="10"/>
        <line num="99" type="stmt" count="10"/>
        <line num="100" type="stmt" count="10"/>
        <line num="101" type="stmt" count="10"/>
        <line num="107" type="method" name="__toString" visibility="public" complexity="3" crap="4.12" count="1"/>
        <line num="109" type="stmt" count="1"/>
        <line num="110" type="stmt" count="1"/>
        <line num="111" type="stmt" count="1"/>
        <line num="112" type="stmt" count="1"/>
        <line num="114" type="stmt" count="1"/>
        <metrics loc="117" ncloc="73" classes="1" methods="8" coveredmethods="8" conditionals="20" coveredconditionals="20" statements="18" coveredstatements="18" elements="46" coveredelements="46"/>
      </file>
    </package>
    <package name="Matecat\ICU\Langs">
      <file name="/home/hashashiyyin/PhpstormProjects/matecat-icu-message-pattern/src/Langs/InvalidLanguageException.php">
        <class name="Matecat\ICU\Langs\InvalidLanguageException" namespace="Matecat\ICU\Langs">
          <metrics complexity="0" methods="0" coveredmethods="0" conditionals="0" coveredconditionals="0" statements="0" coveredstatements="0" elements="0" coveredelements="0"/>
        </class>
        <metrics loc="17" ncloc="10" classes="0" methods="0" coveredmethods="0" conditionals="0" coveredconditionals="0" statements="0" coveredstatements="0" elements="0" coveredelements="0"/>
      </file>
      <file name="/home/hashashiyyin/PhpstormProjects/matecat-icu-message-pattern/src/Langs/LanguageDomains.php">
        <class name="Matecat\ICU\Langs\LanguageDomains" namespace="Matecat\ICU\Langs">
          <metrics complexity="6" methods="4" coveredmethods="4" conditionals="6" coveredconditionals="6" statements="12" coveredstatements="12" elements="22" coveredelements="22"/>
        </class>
        <line num="23" type="method" name="getInstance" visibility="public" complexity="2" crap="2" count="2"/>
        <line num="25" type="stmt" count="2"/>
        <line num="26" type="stmt" count="1"/>
        <line num="29" type="stmt" count="2"/>
        <line num="35" type="method" name="__construct" visibility="private" complexity="2" crap="2" count="1"/>
        <line num="42" type="stmt" count="1"/>
        <line num="44" type="stmt" count="1"/>
        <line num="53" type="stmt" count="1"/>
        <line num="55" type="stmt" count="1"/>
        <line num="57" type="stmt" count="1"/>
        <line num="58" type="stmt" count="1"/>
        <line num="59" type="stmt" count="1"/>
        <line num="67" type="method" name="getEnabledDomains" visibility="public" complexity="1" crap="1" count="10"/>
        <line num="69" type="stmt" count="10"/>
        <line num="75" type="method" name="getEnabledHashMap" visibility="public" complexity="1" crap="1" count="6"/>
        <line num="77" type="stmt" count="6"/>
        <metrics loc="80" ncloc="55" classes="1" methods="4" coveredmethods="4" conditionals="6" coveredconditionals="6" statements="12" coveredstatements="12" elements="22" coveredelements="22"/>
      </file>
      <file name="/home/hashashiyyin/PhpstormProjects/matecat-icu-message-pattern/src/Langs/Languages.php">
        <class name="Matecat\ICU\Langs\Languages" namespace="Matecat\ICU\Langs">
          <metrics complexity="51" methods="21" coveredmethods="20" conditionals="85" coveredconditionals="84" statements="104" coveredstatements="103" elements="210" coveredelements="207"/>
        </class>
        <line num="46" type="method" name="__construct" visibility="private" complexity="13" crap="13" count="1"/>
        <line num="53" type="stmt" count="1"/>
        <line num="59" type="stmt" count="1"/>
        <line num="68" type="stmt" count="1"/>
        <line num="69" type="stmt" count="1"/>
        <line num="73" type="stmt" count="1"/>
        <line num="75" type="stmt" count="1"/>
        <line num="76" type="stmt" count="1"/>
        <line num="78" type="stmt" count="1"/>
        <line num="81" type="stmt" count="1"/>
        <line num="84" type="stmt" count="1"/>
        <line num="85" type="stmt" count="1"/>
        <line num="88" type="stmt" count="1"/>
        <line num="89" type="stmt" count="0"/>
        <line num="94" type="stmt" count="1"/>
        <line num="99" type="stmt" count="1"/>
        <line num="101" type="stmt" count="1"/>
        <line num="102" type="stmt" count="1"/>
        <line num="106" type="stmt" count="1"/>
        <line num="109" type="stmt" count="1"/>
        <line num="112" type="stmt" count="1"/>
        <line num="115" type="stmt" count="1"/>
        <line num="116" type="stmt" count="1"/>
        <line num="117" type="stmt" count="1"/>
        <line num="118" type="stmt" count="1"/>
        <line num="119" type="stmt" count="1"/>
        <line num="120" type="stmt" count="1"/>
        <line num="121" type="stmt" count="1"/>
        <line num="124" type="stmt" count="1"/>
        <line num="126" type="stmt" count="1"/>
        <line num="127" type="stmt" count="1"/>
        <line num="128" type="stmt" count="1"/>
        <line num="129" type="stmt" count="1"/>
        <line num="130" type="stmt" count="1"/>
        <line num="131" type="stmt" count="1"/>
        <line num="135" type="stmt" count="1"/>
        <line num="136" type="stmt" count="1"/>
        <line num="137" type="stmt" count="1"/>
        <line num="143" type="method" name="getInstance" visibility="public" complexity="2" crap="2" count="99"/>
        <line num="145" type="stmt" count="99"/>
        <line num="146" type="stmt" count="1"/>
        <line num="149" type="stmt" count="99"/>
        <line num="159" type="method" name="isRTL" visibility="public" complexity="1" crap="1" count="16"/>
        <line num="162" type="stmt" count="16"/>
        <line num="164" type="stmt" count="16"/>
        <line num="174" type="method" name="isEnabled" visibility="public" complexity="1" crap="1" count="15"/>
        <line num="177" type="stmt" count="15"/>
        <line num="179" type="stmt" count="15"/>
        <line num="187" type="method" name="getLangRegionCode" visibility="public" complexity="2" crap="2.50" count="1"/>
        <line num="189" type="stmt" count="1"/>
        <line num="190" type="stmt" count="1"/>
        <line num="191" type="stmt" count="1"/>
        <line num="194" type="stmt" count="1"/>
        <line num="204" type="method" name="get3066Code" visibility="public" complexity="1" crap="1" count="2"/>
        <line num="206" type="stmt" count="2"/>
        <line num="216" type="method" name="getIsoCode" visibility="public" complexity="1" crap="1" count="1"/>
        <line num="219" type="stmt" count="1"/>
        <line num="221" type="stmt" count="1"/>
        <line num="229" type="method" name="getEnabledLanguages" visibility="public" complexity="1" crap="1" count="2"/>
        <line num="231" type="stmt" count="2"/>
        <line num="243" type="method" name="getLocalizedName" visibility="public" complexity="1" crap="1" count="4"/>
        <line num="245" type="stmt" count="4"/>
        <line num="247" type="stmt" count="4"/>
        <line num="260" type="method" name="getLocalizedNameRFC" visibility="public" complexity="3" crap="3.14" count="7"/>
        <line num="262" type="stmt" count="7"/>
        <line num="263" type="stmt" count="2"/>
        <line num="267" type="stmt" count="5"/>
        <line num="269" type="stmt" count="5"/>
        <line num="277" type="method" name="getRTLLangs" visibility="public" complexity="4" crap="4" count="1"/>
        <line num="279" type="stmt" count="1"/>
        <line num="280" type="stmt" count="1"/>
        <line num="281" type="stmt" count="1"/>
        <line num="282" type="stmt" count="1"/>
        <line num="286" type="stmt" count="1"/>
        <line num="292" type="method" name="validateLanguage" visibility="public" complexity="3" crap="3" count="6"/>
        <line num="294" type="stmt" count="6"/>
        <line num="295" type="stmt" count="2"/>
        <line num="298" type="stmt" count="4"/>
        <line num="300" type="stmt" count="4"/>
        <line num="307" type="stmt" count="4"/>
        <line num="315" type="method" name="validateLanguageList" visibility="public" complexity="3" crap="4.12" count="4"/>
        <line num="317" type="stmt" count="4"/>
        <line num="318" type="stmt" count="1"/>
        <line num="321" type="stmt" count="3"/>
        <line num="322" type="stmt" count="3"/>
        <line num="323" type="stmt" count="3"/>
        <line num="326" type="stmt" count="3"/>
        <line num="333" type="method" name="validateLanguageListAsString" visibility="public" complexity="1" crap="1" count="2"/>
        <line num="335" type="stmt" count="2"/>
        <line num="336" type="stmt" count="2"/>
        <line num="337" type="stmt" count="2"/>
        <line num="339" type="stmt" count="2"/>
        <line num="347" type="method" name="normalizeLanguageCode" visibility="protected" complexity="4" crap="4" count="87"/>
        <line num="349" type="stmt" count="87"/>
        <line num="351" type="stmt" count="87"/>
        <line num="353" type="stmt" count="87"/>
        <line num="357" type="stmt" count="3"/>
        <line num="358" type="stmt" count="85"/>
        <line num="359" type="stmt" count="81"/>
        <line num="360" type="stmt" count="4"/>
        <line num="361" type="stmt" count="2"/>
        <line num="362" type="stmt" count="2"/>
        <line num="364" type="stmt" count="2"/>
        <line num="367" type="stmt" count="83"/>
        <line num="375" type="method" name="isValidLanguage" visibility="public" complexity="1" crap="1" count="4"/>
        <line num="377" type="stmt" count="4"/>
        <line num="379" type="stmt" count="4"/>
        <line num="387" type="method" name="getLocalizedLanguage" visibility="public" complexity="3" crap="6.80" count="2"/>
        <line num="389" type="stmt" count="2"/>
        <line num="390" type="stmt" count="2"/>
        <line num="391" type="stmt" count="1"/>
        <line num="395" type="stmt" count="1"/>
        <line num="409" type="method" name="convertLanguageToIsoCode" visibility="public" complexity="1" crap="1" count="10"/>
        <line num="411" type="stmt" count="10"/>
        <line num="413" type="stmt" count="10"/>
        <line num="419" type="method" name="getLanguagesWithOcrSupported" visibility="public" complexity="1" crap="1" count="1"/>
        <line num="421" type="stmt" count="1"/>
        <line num="427" type="method" name="getLanguagesWithOcrNotSupported" visibility="public" complexity="1" crap="1" count="1"/>
        <line num="429" type="stmt" count="1"/>
        <line num="449" type="method" name="getNumberOfPlurals" visibility="public" complexity="3" crap="3.14" count="39"/>
        <line num="451" type="stmt" count="39"/>
        <line num="453" type="stmt" count="39"/>
        <line num="454" type="stmt" count="2"/>
        <line num="458" type="stmt" count="37"/>
        <line num="460" type="stmt" count="37"/>
        <metrics loc="464" ncloc="282" classes="1" methods="21" coveredmethods="20" conditionals="85" coveredconditionals="84" statements="104" coveredstatements="103" elements="210" coveredelements="207"/>
      </file>
    </package>
    <package name="Matecat\ICU\Parts">
      <file name="/home/hashashiyyin/PhpstormProjects/matecat-icu-message-pattern/src/Parts/TokenType.php">
        <class name="Matecat\ICU\Parts\TokenType" namespace="Matecat\ICU\Parts">
          <metrics complexity="3" methods="1" coveredmethods="1" conditionals="6" coveredconditionals="6" statements="4" coveredstatements="4" elements="11" coveredelements="11"/>
        </class>
        <line num="147" type="method" name="hasNumericValue" visibility="public" complexity="3" crap="3" count="11"/>
        <line num="149" type="stmt" count="11"/>
        <line num="150" type="stmt" count="11"/>
        <line num="151" type="stmt" count="11"/>
        <line num="152" type="stmt" count="11"/>
        <metrics loc="155" ncloc="44" classes="1" methods="1" coveredmethods="1" conditionals="6" coveredconditionals="6" statements="4" coveredstatements="4" elements="11" coveredelements="11"/>
      </file>
    </package>
    <package name="Matecat\ICU\PluralRules">
      <file name="/home/hashashiyyin/PhpstormProjects/matecat-icu-message-pattern/src/PluralRules/PluralRules.php">
        <class name="Matecat\ICU\PluralRules\PluralRules" namespace="Matecat\ICU\PluralRules">
          <metrics complexity="85" methods="1" coveredmethods="0" conditionals="208" coveredconditionals="207" statements="59" coveredstatements="59" elements="268" coveredelements="266"/>
        </class>
        <line num="420" type="method" name="calculate" visibility="public" complexity="85" crap="5813.76" count="311"/>
        <line num="422" type="stmt" count="311"/>
        <line num="424" type="stmt" count="311"/>
        <line num="425" type="stmt" count="4"/>
        <line num="428" type="stmt" count="311"/>
        <line num="429" type="stmt" count="3"/>
        <line num="432" type="stmt" count="311"/>
        <line num="433" type="stmt" count="1"/>
        <line num="436" type="stmt" count="310"/>
        <line num="437" type="stmt" count="310"/>
        <line num="439" type="stmt" count="21"/>
        <line num="440" type="stmt" count="291"/>
        <line num="442" type="stmt" count="53"/>
        <line num="443" type="stmt" count="245"/>
        <line num="445" type="stmt" count="25"/>
        <line num="446" type="stmt" count="222"/>
        <line num="448" type="stmt" count="41"/>
        <line num="449" type="stmt" count="41"/>
        <line num="450" type="stmt" count="183"/>
        <line num="452" type="stmt" count="17"/>
        <line num="453" type="stmt" count="17"/>
        <line num="454" type="stmt" count="166"/>
        <line num="456" type="stmt" count="13"/>
        <line num="457" type="stmt" count="13"/>
        <line num="458" type="stmt" count="153"/>
        <line num="460" type="stmt" count="14"/>
        <line num="461" type="stmt" count="14"/>
        <line num="462" type="stmt" count="139"/>
        <line num="464" type="stmt" count="14"/>
        <line num="465" type="stmt" count="14"/>
        <line num="466" type="stmt" count="125"/>
        <line num="468" type="stmt" count="13"/>
        <line num="469" type="stmt" count="112"/>
        <line num="471" type="stmt" count="14"/>
        <line num="472" type="stmt" count="13"/>
        <line num="473" type="stmt" count="14"/>
        <line num="474" type="stmt" count="98"/>
        <line num="476" type="stmt" count="10"/>
        <line num="477" type="stmt" count="88"/>
        <line num="479" type="stmt" count="22"/>
        <line num="480" type="stmt" count="22"/>
        <line num="481" type="stmt" count="66"/>
        <line num="483" type="stmt" count="11"/>
        <line num="484" type="stmt" count="11"/>
        <line num="485" type="stmt" count="55"/>
        <line num="487" type="stmt" count="20"/>
        <line num="488" type="stmt" count="18"/>
        <line num="489" type="stmt" count="17"/>
        <line num="490" type="stmt" count="15"/>
        <line num="491" type="stmt" count="20"/>
        <line num="492" type="stmt" count="35"/>
        <line num="494" type="stmt" count="14"/>
        <line num="495" type="stmt" count="13"/>
        <line num="496" type="stmt" count="14"/>
        <line num="497" type="stmt" count="21"/>
        <line num="499" type="stmt" count="10"/>
        <line num="500" type="stmt" count="11"/>
        <line num="502" type="stmt" count="11"/>
        <line num="503" type="stmt" count="9"/>
        <line num="504" type="stmt" count="11"/>
        <metrics loc="512" ncloc="89" classes="1" methods="1" coveredmethods="0" conditionals="208" coveredconditionals="207" statements="59" coveredstatements="59" elements="268" coveredelements="266"/>
      </file>
    </package>
    <metrics files="9" loc="2934" ncloc="1491" classes="8" methods="96" coveredmethods="88" conditionals="733" coveredconditionals="725" statements="658" coveredstatements="657" elements="1487" coveredelements="1470"/>
  </project>
</coverage>
